<?xml version="1.0" encoding="UTF-8"?>
<testsuite xmlns:xsi="http://www.w3.org/2001/XMLSchema-instance" xsi:noNamespaceSchemaLocation="https://maven.apache.org/surefire/maven-surefire-plugin/xsd/surefire-test-report-3.0.xsd" version="3.0" name="TeacherTest" time="0.97" tests="3" errors="0" skipped="0" failures="0">
  <properties>
    <property name="sun.desktop" value="windows"/>
    <property name="awt.toolkit" value="sun.awt.windows.WToolkit"/>
    <property name="file.encoding.pkg" value="sun.io"/>
    <property name="java.specification.version" value="1.8"/>
    <property name="sun.cpu.isalist" value="amd64"/>
    <property name="sun.jnu.encoding" value="GBK"/>
    <property name="java.class.path" value="E:\gsdx\软件工程\大一第二学期\java程序设计\1-课内实践任务-MyBatis阶段\DJM-EduSys2\DJMEduSys2\target\test-classes;E:\gsdx\软件工程\大一第二学期\java程序设计\1-课内实践任务-MyBatis阶段\DJM-EduSys2\DJMEduSys2\target\classes;D:\Program Files\Java\maven_respository\org\mybatis\mybatis\3.5.7\mybatis-3.5.7.jar;D:\Program Files\Java\maven_respository\junit\junit\4.12\junit-4.12.jar;D:\Program Files\Java\maven_respository\org\hamcrest\hamcrest-core\1.3\hamcrest-core-1.3.jar;D:\Program Files\Java\maven_respository\mysql\mysql-connector-java\8.0.30\mysql-connector-java-8.0.30.jar;D:\Program Files\Java\maven_respository\com\google\protobuf\protobuf-java\3.19.4\protobuf-java-3.19.4.jar;D:\Program Files\Java\maven_respository\org\apache\logging\log4j\log4j-api\2.20.0\log4j-api-2.20.0.jar;D:\Program Files\Java\maven_respository\org\apache\logging\log4j\log4j-core\2.20.0\log4j-core-2.20.0.jar;D:\Program Files\Java\maven_respository\org\apache\maven\plugins\maven-site-plugin\3.3\maven-site-plugin-3.3.jar;D:\Program Files\Java\maven_respository\org\apache\maven\reporting\maven-reporting-exec\1.1\maven-reporting-exec-1.1.jar;D:\Program Files\Java\maven_respository\org\apache\maven\reporting\maven-reporting-api\3.0\maven-reporting-api-3.0.jar;D:\Program Files\Java\maven_respository\org\apache\maven\maven-artifact\3.0\maven-artifact-3.0.jar;D:\Program Files\Java\maven_respository\org\apache\maven\shared\maven-shared-utils\0.3\maven-shared-utils-0.3.jar;D:\Program Files\Java\maven_respository\com\google\code\findbugs\jsr305\2.0.1\jsr305-2.0.1.jar;D:\Program Files\Java\maven_respository\org\codehaus\plexus\plexus-component-annotations\1.5.5\plexus-component-annotations-1.5.5.jar;D:\Program Files\Java\maven_respository\org\sonatype\aether\aether-util\1.7\aether-util-1.7.jar;D:\Program Files\Java\maven_respository\org\eclipse\aether\aether-util\0.9.0.M2\aether-util-0.9.0.M2.jar;D:\Program Files\Java\maven_respository\org\apache\maven\maven-core\3.0\maven-core-3.0.jar;D:\Program Files\Java\maven_respository\org\apache\maven\maven-repository-metadata\3.0\maven-repository-metadata-3.0.jar;D:\Program Files\Java\maven_respository\org\apache\maven\maven-model-builder\3.0\maven-model-builder-3.0.jar;D:\Program Files\Java\maven_respository\org\apache\maven\maven-aether-provider\3.0\maven-aether-provider-3.0.jar;D:\Program Files\Java\maven_respository\org\sonatype\aether\aether-impl\1.7\aether-impl-1.7.jar;D:\Program Files\Java\maven_respository\org\sonatype\aether\aether-spi\1.7\aether-spi-1.7.jar;D:\Program Files\Java\maven_respository\org\sonatype\aether\aether-api\1.7\aether-api-1.7.jar;D:\Program Files\Java\maven_respository\org\sonatype\sisu\sisu-inject-plexus\1.4.2\sisu-inject-plexus-1.4.2.jar;D:\Program Files\Java\maven_respository\org\sonatype\sisu\sisu-inject-bean\1.4.2\sisu-inject-bean-1.4.2.jar;D:\Program Files\Java\maven_respository\org\sonatype\sisu\sisu-guice\2.1.7\sisu-guice-2.1.7-noaop.jar;D:\Program Files\Java\maven_respository\org\codehaus\plexus\plexus-interpolation\1.14\plexus-interpolation-1.14.jar;D:\Program Files\Java\maven_respository\org\codehaus\plexus\plexus-classworlds\2.2.3\plexus-classworlds-2.2.3.jar;D:\Program Files\Java\maven_respository\org\sonatype\plexus\plexus-sec-dispatcher\1.3\plexus-sec-dispatcher-1.3.jar;D:\Program Files\Java\maven_respository\org\sonatype\plexus\plexus-cipher\1.4\plexus-cipher-1.4.jar;D:\Program Files\Java\maven_respository\org\apache\maven\maven-model\3.0\maven-model-3.0.jar;D:\Program Files\Java\maven_respository\org\apache\maven\maven-plugin-api\3.0\maven-plugin-api-3.0.jar;D:\Program Files\Java\maven_respository\org\apache\maven\maven-settings\3.0\maven-settings-3.0.jar;D:\Program Files\Java\maven_respository\org\apache\maven\maven-settings-builder\3.0\maven-settings-builder-3.0.jar;D:\Program Files\Java\maven_respository\org\apache\maven\maven-archiver\2.4.2\maven-archiver-2.4.2.jar;D:\Program Files\Java\maven_respository\org\apache\maven\doxia\doxia-sink-api\1.4\doxia-sink-api-1.4.jar;D:\Program Files\Java\maven_respository\org\apache\maven\doxia\doxia-logging-api\1.4\doxia-logging-api-1.4.jar;D:\Program Files\Java\maven_respository\org\codehaus\plexus\plexus-container-default\1.0-alpha-30\plexus-container-default-1.0-alpha-30.jar;D:\Program Files\Java\maven_respository\org\apache\maven\doxia\doxia-core\1.4\doxia-core-1.4.jar;D:\Program Files\Java\maven_respository\xerces\xercesImpl\2.9.1\xercesImpl-2.9.1.jar;D:\Program Files\Java\maven_respository\xml-apis\xml-apis\1.3.04\xml-apis-1.3.04.jar;D:\Program Files\Java\maven_respository\org\apache\httpcomponents\httpclient\4.0.2\httpclient-4.0.2.jar;D:\Program Files\Java\maven_respository\commons-logging\commons-logging\1.1.1\commons-logging-1.1.1.jar;D:\Program Files\Java\maven_respository\commons-codec\commons-codec\1.3\commons-codec-1.3.jar;D:\Program Files\Java\maven_respository\org\apache\httpcomponents\httpcore\4.0.1\httpcore-4.0.1.jar;D:\Program Files\Java\maven_respository\org\apache\maven\doxia\doxia-module-xhtml\1.4\doxia-module-xhtml-1.4.jar;D:\Program Files\Java\maven_respository\org\apache\maven\doxia\doxia-module-apt\1.4\doxia-module-apt-1.4.jar;D:\Program Files\Java\maven_respository\org\apache\maven\doxia\doxia-module-xdoc\1.4\doxia-module-xdoc-1.4.jar;D:\Program Files\Java\maven_respository\org\apache\maven\doxia\doxia-module-fml\1.4\doxia-module-fml-1.4.jar;D:\Program Files\Java\maven_respository\org\apache\maven\doxia\doxia-module-markdown\1.4\doxia-module-markdown-1.4.jar;D:\Program Files\Java\maven_respository\org\pegdown\pegdown\1.2.1\pegdown-1.2.1.jar;D:\Program Files\Java\maven_respository\org\parboiled\parboiled-java\1.1.4\parboiled-java-1.1.4.jar;D:\Program Files\Java\maven_respository\org\parboiled\parboiled-core\1.1.4\parboiled-core-1.1.4.jar;D:\Program Files\Java\maven_respository\org\ow2\asm\asm\4.1\asm-4.1.jar;D:\Program Files\Java\maven_respository\org\ow2\asm\asm-tree\4.1\asm-tree-4.1.jar;D:\Program Files\Java\maven_respository\org\ow2\asm\asm-analysis\4.1\asm-analysis-4.1.jar;D:\Program Files\Java\maven_respository\org\ow2\asm\asm-util\4.1\asm-util-4.1.jar;D:\Program Files\Java\maven_respository\javax\servlet\servlet-api\2.5\servlet-api-2.5.jar;D:\Program Files\Java\maven_respository\org\apache\maven\doxia\doxia-decoration-model\1.4\doxia-decoration-model-1.4.jar;D:\Program Files\Java\maven_respository\org\apache\maven\doxia\doxia-site-renderer\1.4\doxia-site-renderer-1.4.jar;D:\Program Files\Java\maven_respository\org\apache\velocity\velocity-tools\2.0\velocity-tools-2.0.jar;D:\Program Files\Java\maven_respository\commons-beanutils\commons-beanutils\1.7.0\commons-beanutils-1.7.0.jar;D:\Program Files\Java\maven_respository\commons-digester\commons-digester\1.8\commons-digester-1.8.jar;D:\Program Files\Java\maven_respository\commons-chain\commons-chain\1.1\commons-chain-1.1.jar;D:\Program Files\Java\maven_respository\commons-validator\commons-validator\1.3.1\commons-validator-1.3.1.jar;D:\Program Files\Java\maven_respository\dom4j\dom4j\1.1\dom4j-1.1.jar;D:\Program Files\Java\maven_respository\sslext\sslext\1.2-0\sslext-1.2-0.jar;D:\Program Files\Java\maven_respository\org\apache\struts\struts-core\1.3.8\struts-core-1.3.8.jar;D:\Program Files\Java\maven_respository\antlr\antlr\2.7.2\antlr-2.7.2.jar;D:\Program Files\Java\maven_respository\org\apache\struts\struts-taglib\1.3.8\struts-taglib-1.3.8.jar;D:\Program Files\Java\maven_respository\org\apache\struts\struts-tiles\1.3.8\struts-tiles-1.3.8.jar;D:\Program Files\Java\maven_respository\commons-collections\commons-collections\3.2.1\commons-collections-3.2.1.jar;D:\Program Files\Java\maven_respository\org\apache\maven\doxia\doxia-integration-tools\1.5\doxia-integration-tools-1.5.jar;D:\Program Files\Java\maven_respository\org\apache\maven\wagon\wagon-provider-api\1.0\wagon-provider-api-1.0.jar;D:\Program Files\Java\maven_respository\org\codehaus\plexus\plexus-archiver\1.0\plexus-archiver-1.0.jar;D:\Program Files\Java\maven_respository\org\codehaus\plexus\plexus-io\1.0\plexus-io-1.0.jar;D:\Program Files\Java\maven_respository\org\codehaus\plexus\plexus-i18n\1.0-beta-7\plexus-i18n-1.0-beta-7.jar;D:\Program Files\Java\maven_respository\org\apache\velocity\velocity\1.5\velocity-1.5.jar;D:\Program Files\Java\maven_respository\oro\oro\2.0.8\oro-2.0.8.jar;D:\Program Files\Java\maven_respository\org\codehaus\plexus\plexus-velocity\1.1.8\plexus-velocity-1.1.8.jar;D:\Program Files\Java\maven_respository\org\codehaus\plexus\plexus-utils\1.5.10\plexus-utils-1.5.10.jar;D:\Program Files\Java\maven_respository\org\mortbay\jetty\jetty\6.1.25\jetty-6.1.25.jar;D:\Program Files\Java\maven_respository\org\mortbay\jetty\servlet-api\2.5-20081211\servlet-api-2.5-20081211.jar;D:\Program Files\Java\maven_respository\org\mortbay\jetty\jetty-util\6.1.25\jetty-util-6.1.25.jar;D:\Program Files\Java\maven_respository\commons-lang\commons-lang\2.5\commons-lang-2.5.jar;D:\Program Files\Java\maven_respository\commons-io\commons-io\1.4\commons-io-1.4.jar;"/>
    <property name="java.vm.vendor" value="Oracle Corporation"/>
    <property name="sun.arch.data.model" value="64"/>
    <property name="user.variant" value=""/>
    <property name="java.vendor.url" value="http://java.oracle.com/"/>
    <property name="user.timezone" value="Asia/Shanghai"/>
    <property name="java.vm.specification.version" value="1.8"/>
    <property name="os.name" value="Windows 10"/>
    <property name="user.country" value="CN"/>
    <property name="sun.java.launcher" value="SUN_STANDARD"/>
    <property name="sun.boot.library.path" value="D:\Program Files\Java\jdk1.8.0_321\jre\bin"/>
    <property name="sun.java.command" value="C:\Users\djm\AppData\Local\Temp\surefire2892843874991553154\surefirebooter-20230504182352072_3.jar C:\Users\djm\AppData\Local\Temp\surefire2892843874991553154 2023-05-04T18-23-45_556-jvmRun1 surefire-20230504182352072_1tmp surefire_0-20230504182352072_2tmp"/>
    <property name="surefire.test.class.path" value="E:\gsdx\软件工程\大一第二学期\java程序设计\1-课内实践任务-MyBatis阶段\DJM-EduSys2\DJMEduSys2\target\test-classes;E:\gsdx\软件工程\大一第二学期\java程序设计\1-课内实践任务-MyBatis阶段\DJM-EduSys2\DJMEduSys2\target\classes;D:\Program Files\Java\maven_respository\org\mybatis\mybatis\3.5.7\mybatis-3.5.7.jar;D:\Program Files\Java\maven_respository\junit\junit\4.12\junit-4.12.jar;D:\Program Files\Java\maven_respository\org\hamcrest\hamcrest-core\1.3\hamcrest-core-1.3.jar;D:\Program Files\Java\maven_respository\mysql\mysql-connector-java\8.0.30\mysql-connector-java-8.0.30.jar;D:\Program Files\Java\maven_respository\com\google\protobuf\protobuf-java\3.19.4\protobuf-java-3.19.4.jar;D:\Program Files\Java\maven_respository\org\apache\logging\log4j\log4j-api\2.20.0\log4j-api-2.20.0.jar;D:\Program Files\Java\maven_respository\org\apache\logging\log4j\log4j-core\2.20.0\log4j-core-2.20.0.jar;D:\Program Files\Java\maven_respository\org\apache\maven\plugins\maven-site-plugin\3.3\maven-site-plugin-3.3.jar;D:\Program Files\Java\maven_respository\org\apache\maven\reporting\maven-reporting-exec\1.1\maven-reporting-exec-1.1.jar;D:\Program Files\Java\maven_respository\org\apache\maven\reporting\maven-reporting-api\3.0\maven-reporting-api-3.0.jar;D:\Program Files\Java\maven_respository\org\apache\maven\maven-artifact\3.0\maven-artifact-3.0.jar;D:\Program Files\Java\maven_respository\org\apache\maven\shared\maven-shared-utils\0.3\maven-shared-utils-0.3.jar;D:\Program Files\Java\maven_respository\com\google\code\findbugs\jsr305\2.0.1\jsr305-2.0.1.jar;D:\Program Files\Java\maven_respository\org\codehaus\plexus\plexus-component-annotations\1.5.5\plexus-component-annotations-1.5.5.jar;D:\Program Files\Java\maven_respository\org\sonatype\aether\aether-util\1.7\aether-util-1.7.jar;D:\Program Files\Java\maven_respository\org\eclipse\aether\aether-util\0.9.0.M2\aether-util-0.9.0.M2.jar;D:\Program Files\Java\maven_respository\org\apache\maven\maven-core\3.0\maven-core-3.0.jar;D:\Program Files\Java\maven_respository\org\apache\maven\maven-repository-metadata\3.0\maven-repository-metadata-3.0.jar;D:\Program Files\Java\maven_respository\org\apache\maven\maven-model-builder\3.0\maven-model-builder-3.0.jar;D:\Program Files\Java\maven_respository\org\apache\maven\maven-aether-provider\3.0\maven-aether-provider-3.0.jar;D:\Program Files\Java\maven_respository\org\sonatype\aether\aether-impl\1.7\aether-impl-1.7.jar;D:\Program Files\Java\maven_respository\org\sonatype\aether\aether-spi\1.7\aether-spi-1.7.jar;D:\Program Files\Java\maven_respository\org\sonatype\aether\aether-api\1.7\aether-api-1.7.jar;D:\Program Files\Java\maven_respository\org\sonatype\sisu\sisu-inject-plexus\1.4.2\sisu-inject-plexus-1.4.2.jar;D:\Program Files\Java\maven_respository\org\sonatype\sisu\sisu-inject-bean\1.4.2\sisu-inject-bean-1.4.2.jar;D:\Program Files\Java\maven_respository\org\sonatype\sisu\sisu-guice\2.1.7\sisu-guice-2.1.7-noaop.jar;D:\Program Files\Java\maven_respository\org\codehaus\plexus\plexus-interpolation\1.14\plexus-interpolation-1.14.jar;D:\Program Files\Java\maven_respository\org\codehaus\plexus\plexus-classworlds\2.2.3\plexus-classworlds-2.2.3.jar;D:\Program Files\Java\maven_respository\org\sonatype\plexus\plexus-sec-dispatcher\1.3\plexus-sec-dispatcher-1.3.jar;D:\Program Files\Java\maven_respository\org\sonatype\plexus\plexus-cipher\1.4\plexus-cipher-1.4.jar;D:\Program Files\Java\maven_respository\org\apache\maven\maven-model\3.0\maven-model-3.0.jar;D:\Program Files\Java\maven_respository\org\apache\maven\maven-plugin-api\3.0\maven-plugin-api-3.0.jar;D:\Program Files\Java\maven_respository\org\apache\maven\maven-settings\3.0\maven-settings-3.0.jar;D:\Program Files\Java\maven_respository\org\apache\maven\maven-settings-builder\3.0\maven-settings-builder-3.0.jar;D:\Program Files\Java\maven_respository\org\apache\maven\maven-archiver\2.4.2\maven-archiver-2.4.2.jar;D:\Program Files\Java\maven_respository\org\apache\maven\doxia\doxia-sink-api\1.4\doxia-sink-api-1.4.jar;D:\Program Files\Java\maven_respository\org\apache\maven\doxia\doxia-logging-api\1.4\doxia-logging-api-1.4.jar;D:\Program Files\Java\maven_respository\org\codehaus\plexus\plexus-container-default\1.0-alpha-30\plexus-container-default-1.0-alpha-30.jar;D:\Program Files\Java\maven_respository\org\apache\maven\doxia\doxia-core\1.4\doxia-core-1.4.jar;D:\Program Files\Java\maven_respository\xerces\xercesImpl\2.9.1\xercesImpl-2.9.1.jar;D:\Program Files\Java\maven_respository\xml-apis\xml-apis\1.3.04\xml-apis-1.3.04.jar;D:\Program Files\Java\maven_respository\org\apache\httpcomponents\httpclient\4.0.2\httpclient-4.0.2.jar;D:\Program Files\Java\maven_respository\commons-logging\commons-logging\1.1.1\commons-logging-1.1.1.jar;D:\Program Files\Java\maven_respository\commons-codec\commons-codec\1.3\commons-codec-1.3.jar;D:\Program Files\Java\maven_respository\org\apache\httpcomponents\httpcore\4.0.1\httpcore-4.0.1.jar;D:\Program Files\Java\maven_respository\org\apache\maven\doxia\doxia-module-xhtml\1.4\doxia-module-xhtml-1.4.jar;D:\Program Files\Java\maven_respository\org\apache\maven\doxia\doxia-module-apt\1.4\doxia-module-apt-1.4.jar;D:\Program Files\Java\maven_respository\org\apache\maven\doxia\doxia-module-xdoc\1.4\doxia-module-xdoc-1.4.jar;D:\Program Files\Java\maven_respository\org\apache\maven\doxia\doxia-module-fml\1.4\doxia-module-fml-1.4.jar;D:\Program Files\Java\maven_respository\org\apache\maven\doxia\doxia-module-markdown\1.4\doxia-module-markdown-1.4.jar;D:\Program Files\Java\maven_respository\org\pegdown\pegdown\1.2.1\pegdown-1.2.1.jar;D:\Program Files\Java\maven_respository\org\parboiled\parboiled-java\1.1.4\parboiled-java-1.1.4.jar;D:\Program Files\Java\maven_respository\org\parboiled\parboiled-core\1.1.4\parboiled-core-1.1.4.jar;D:\Program Files\Java\maven_respository\org\ow2\asm\asm\4.1\asm-4.1.jar;D:\Program Files\Java\maven_respository\org\ow2\asm\asm-tree\4.1\asm-tree-4.1.jar;D:\Program Files\Java\maven_respository\org\ow2\asm\asm-analysis\4.1\asm-analysis-4.1.jar;D:\Program Files\Java\maven_respository\org\ow2\asm\asm-util\4.1\asm-util-4.1.jar;D:\Program Files\Java\maven_respository\javax\servlet\servlet-api\2.5\servlet-api-2.5.jar;D:\Program Files\Java\maven_respository\org\apache\maven\doxia\doxia-decoration-model\1.4\doxia-decoration-model-1.4.jar;D:\Program Files\Java\maven_respository\org\apache\maven\doxia\doxia-site-renderer\1.4\doxia-site-renderer-1.4.jar;D:\Program Files\Java\maven_respository\org\apache\velocity\velocity-tools\2.0\velocity-tools-2.0.jar;D:\Program Files\Java\maven_respository\commons-beanutils\commons-beanutils\1.7.0\commons-beanutils-1.7.0.jar;D:\Program Files\Java\maven_respository\commons-digester\commons-digester\1.8\commons-digester-1.8.jar;D:\Program Files\Java\maven_respository\commons-chain\commons-chain\1.1\commons-chain-1.1.jar;D:\Program Files\Java\maven_respository\commons-validator\commons-validator\1.3.1\commons-validator-1.3.1.jar;D:\Program Files\Java\maven_respository\dom4j\dom4j\1.1\dom4j-1.1.jar;D:\Program Files\Java\maven_respository\sslext\sslext\1.2-0\sslext-1.2-0.jar;D:\Program Files\Java\maven_respository\org\apache\struts\struts-core\1.3.8\struts-core-1.3.8.jar;D:\Program Files\Java\maven_respository\antlr\antlr\2.7.2\antlr-2.7.2.jar;D:\Program Files\Java\maven_respository\org\apache\struts\struts-taglib\1.3.8\struts-taglib-1.3.8.jar;D:\Program Files\Java\maven_respository\org\apache\struts\struts-tiles\1.3.8\struts-tiles-1.3.8.jar;D:\Program Files\Java\maven_respository\commons-collections\commons-collections\3.2.1\commons-collections-3.2.1.jar;D:\Program Files\Java\maven_respository\org\apache\maven\doxia\doxia-integration-tools\1.5\doxia-integration-tools-1.5.jar;D:\Program Files\Java\maven_respository\org\apache\maven\wagon\wagon-provider-api\1.0\wagon-provider-api-1.0.jar;D:\Program Files\Java\maven_respository\org\codehaus\plexus\plexus-archiver\1.0\plexus-archiver-1.0.jar;D:\Program Files\Java\maven_respository\org\codehaus\plexus\plexus-io\1.0\plexus-io-1.0.jar;D:\Program Files\Java\maven_respository\org\codehaus\plexus\plexus-i18n\1.0-beta-7\plexus-i18n-1.0-beta-7.jar;D:\Program Files\Java\maven_respository\org\apache\velocity\velocity\1.5\velocity-1.5.jar;D:\Program Files\Java\maven_respository\oro\oro\2.0.8\oro-2.0.8.jar;D:\Program Files\Java\maven_respository\org\codehaus\plexus\plexus-velocity\1.1.8\plexus-velocity-1.1.8.jar;D:\Program Files\Java\maven_respository\org\codehaus\plexus\plexus-utils\1.5.10\plexus-utils-1.5.10.jar;D:\Program Files\Java\maven_respository\org\mortbay\jetty\jetty\6.1.25\jetty-6.1.25.jar;D:\Program Files\Java\maven_respository\org\mortbay\jetty\servlet-api\2.5-20081211\servlet-api-2.5-20081211.jar;D:\Program Files\Java\maven_respository\org\mortbay\jetty\jetty-util\6.1.25\jetty-util-6.1.25.jar;D:\Program Files\Java\maven_respository\commons-lang\commons-lang\2.5\commons-lang-2.5.jar;D:\Program Files\Java\maven_respository\commons-io\commons-io\1.4\commons-io-1.4.jar;"/>
    <property name="sun.cpu.endian" value="little"/>
    <property name="user.home" value="C:\Users\djm"/>
    <property name="user.language" value="zh"/>
    <property name="java.specification.vendor" value="Oracle Corporation"/>
    <property name="java.home" value="D:\Program Files\Java\jdk1.8.0_321\jre"/>
    <property name="basedir" value="E:\gsdx\软件工程\大一第二学期\java程序设计\1-课内实践任务-MyBatis阶段\DJM-EduSys2\DJMEduSys2"/>
    <property name="file.separator" value="\"/>
    <property name="line.separator" value="&#10;"/>
    <property name="java.vm.specification.vendor" value="Oracle Corporation"/>
    <property name="java.specification.name" value="Java Platform API Specification"/>
    <property name="java.awt.graphicsenv" value="sun.awt.Win32GraphicsEnvironment"/>
    <property name="surefire.real.class.path" value="C:\Users\djm\AppData\Local\Temp\surefire2892843874991553154\surefirebooter-20230504182352072_3.jar"/>
    <property name="sun.boot.class.path" value="D:\Program Files\Java\jdk1.8.0_321\jre\lib\resources.jar;D:\Program Files\Java\jdk1.8.0_321\jre\lib\rt.jar;D:\Program Files\Java\jdk1.8.0_321\jre\lib\sunrsasign.jar;D:\Program Files\Java\jdk1.8.0_321\jre\lib\jsse.jar;D:\Program Files\Java\jdk1.8.0_321\jre\lib\jce.jar;D:\Program Files\Java\jdk1.8.0_321\jre\lib\charsets.jar;D:\Program Files\Java\jdk1.8.0_321\jre\lib\jfr.jar;D:\Program Files\Java\jdk1.8.0_321\jre\classes"/>
    <property name="user.script" value=""/>
    <property name="sun.management.compiler" value="HotSpot 64-Bit Tiered Compilers"/>
    <property name="java.runtime.version" value="1.8.0_321-b07"/>
    <property name="user.name" value="djm"/>
    <property name="path.separator" value=";"/>
    <property name="os.version" value="10.0"/>
    <property name="java.endorsed.dirs" value="D:\Program Files\Java\jdk1.8.0_321\jre\lib\endorsed"/>
    <property name="java.runtime.name" value="Java(TM) SE Runtime Environment"/>
    <property name="file.encoding" value="GBK"/>
    <property name="java.vm.name" value="Java HotSpot(TM) 64-Bit Server VM"/>
    <property name="localRepository" value="D:\Program Files\Java\maven_respository"/>
    <property name="java.vendor.url.bug" value="http://bugreport.sun.com/bugreport/"/>
    <property name="java.io.tmpdir" value="C:\Users\djm\AppData\Local\Temp\"/>
    <property name="idea.version" value="2023.1.1"/>
    <property name="java.version" value="1.8.0_321"/>
    <property name="user.dir" value="E:\gsdx\软件工程\大一第二学期\java程序设计\1-课内实践任务-MyBatis阶段\DJM-EduSys2\DJMEduSys2"/>
    <property name="os.arch" value="amd64"/>
    <property name="java.vm.specification.name" value="Java Virtual Machine Specification"/>
    <property name="java.awt.printerjob" value="sun.awt.windows.WPrinterJob"/>
    <property name="sun.os.patch.level" value=""/>
    <property name="java.library.path" value="D:\Program Files\Java\jdk1.8.0_321\jre\bin;C:\WINDOWS\Sun\Java\bin;C:\WINDOWS\system32;C:\WINDOWS;C:\Program Files\Common Files\Oracle\Java\javapath;C:\Program Files (x86)\Common Files\Oracle\Java\javapath;D:\Program Files (x86)\VMware\VMware Workstation\bin\;C:\Python311\Scripts\;C:\Python311\;C:\WINDOWS\system32;C:\WINDOWS;C:\WINDOWS\System32\Wbem;C:\WINDOWS\System32\WindowsPowerShell\v1.0\;C:\WINDOWS\System32\OpenSSH\;D:\Program Files\Java\jdk1.8.0_201\bin;C:\Program Files\MySQL\MySQL Utilities 1.6\;C:\Program Files\MySQL\MySQL Server 5.7\bin;D:\Program Files\Microsoft VS Code\bin;D:\Program Files\nodejs\;C:\ProgramData\chocolatey\bin;C:\Program Files\dotnet\;C:\Program Files\Common Files\Autodesk Shared\;C:\Program Files\Microsoft SQL Server\120\Tools\Binn\;C:\Program Files\Git\cmd;C:\Users\djm\AppData\Local\Microsoft\WindowsApps;;%IntelliJ IDEA%;C:\Users\djm\AppData\Roaming\npm;."/>
    <property name="java.vm.info" value="mixed mode"/>
    <property name="java.vendor" value="Oracle Corporation"/>
    <property name="java.vm.version" value="25.321-b07"/>
    <property name="java.ext.dirs" value="D:\Program Files\Java\jdk1.8.0_321\jre\lib\ext;C:\WINDOWS\Sun\Java\lib\ext"/>
    <property name="sun.io.unicode.encoding" value="UnicodeLittle"/>
    <property name="maven.repo.local" value="D:\Program Files\Java\maven_respository"/>
    <property name="java.class.version" value="52.0"/>
  </properties>
  <testcase name="testSelectAll" classname="TeacherTest" time="0.832">
    <system-out><![CDATA[[Teacher{id=1, tCode='null', tName='null', age=30, graduate='西南体育大学', salary=5000, cId=0}, Teacher{id=2, tCode='null', tName='null', age=30, graduate='南大学', salary=5000, cId=0}, Teacher{id=3, tCode='null', tName='null', age=35, graduate='东经贸大学', salary=6500, cId=0}, Teacher{id=4, tCode='null', tName='null', age=35, graduate='西理工大学', salary=5000, cId=0}, Teacher{id=5, tCode='null', tName='null', age=31, graduate='中国理工大学', salary=5000, cId=0}, Teacher{id=6, tCode='null', tName='null', age=30, graduate='西北大学', salary=8500, cId=0}, Teacher{id=7, tCode='null', tName='null', age=32, graduate='西北科技大学', salary=6500, cId=0}, Teacher{id=8, tCode='null', tName='null', age=26, graduate='西南科技大学', salary=5000, cId=0}, Teacher{id=9, tCode='null', tName='null', age=22, graduate='东北技术大学', salary=6500, cId=0}, Teacher{id=10, tCode='null', tName='null', age=30, graduate='东北科技大学', salary=5000, cId=0}, Teacher{id=11, tCode='null', tName='null', age=27, graduate='北大学', salary=6500, cId=0}, Teacher{id=12, tCode='null', tName='null', age=45, graduate='东南体育大学', salary=8000, cId=0}, Teacher{id=13, tCode='null', tName='null', age=56, graduate='东北农业大学', salary=8000, cId=0}, Teacher{id=14, tCode='null', tName='null', age=60, graduate='东北科技大学', salary=8000, cId=0}, Teacher{id=15, tCode='null', tName='null', age=55, graduate='南技术大学', salary=8000, cId=0}, Teacher{id=16, tCode='null', tName='null', age=46, graduate='西大学', salary=11000, cId=0}, Teacher{id=17, tCode='null', tName='null', age=48, graduate='北艺术大学', salary=5000, cId=0}, Teacher{id=18, tCode='null', tName='null', age=42, graduate='西北大学', salary=11000, cId=0}, Teacher{id=19, tCode='null', tName='null', age=40, graduate='东南理工大学', salary=5000, cId=0}, Teacher{id=20, tCode='null', tName='null', age=38, graduate='南体育大学', salary=5000, cId=0}, Teacher{id=21, tCode='null', tName='null', age=50, graduate='浙江大学', salary=100000, cId=0}, Teacher{id=22, tCode='null', tName='null', age=50, graduate='浙江大学', salary=100000, cId=0}, Teacher{id=23, tCode='null', tName='null', age=50, graduate='浙江大学', salary=100000, cId=0}]
]]></system-out>
  </testcase>
  <testcase name="testInsert" classname="TeacherTest" time="0.046">
    <system-out><![CDATA[1
]]></system-out>
  </testcase>
  <testcase name="testUpdate" classname="TeacherTest" time="0.036">
    <system-out><![CDATA[1
]]></system-out>
  </testcase>
</testsuite>